<?xml version="1.0" encoding="UTF-8"?>
<!-- Generated by org.testng.reporters.JUnitReportReporter -->
<testsuite hostname="LAPTOP-KVV0RCLC" failures="0" tests="4" name="api.test.UserTests" time="7.745" errors="0" timestamp="2023-10-30T19:17:15 IST" skipped="0">
  <testcase classname="api.test.UserTests" name="testPostUser" time="3.790"/>
  <system-out/>
  <testcase classname="api.test.UserTests" name="testGetUserByName" time="1.327"/>
  <system-out/>
  <testcase classname="api.test.UserTests" name="testupdateUserByName" time="1.323"/>
  <system-out/>
  <testcase classname="api.test.UserTests" name="testDeleteUserByName" time="1.305"/>
  <system-out/>
</testsuite> <!-- api.test.UserTests -->
